<?xml version="1.0" encoding="UTF-8"?>
<!-- Generated by org.testng.reporters.JUnitXMLReporter -->
<testsuite ignored="0" hostname="DESKTOP-GQ2CO30" failures="2" tests="2" name="Delete Customer API Test" time="0.942" errors="0" timestamp="29 Jun 2021 22:00:38 GMT">
  <testcase classname="com.w2a.APITestingFramework.testcases.DeleteCustomerTest2" name="validateDeleteCustomerAPI" time="0.923">
    <failure type="java.lang.AssertionError" message="expected [200] but found [404]">
      <![CDATA[java.lang.AssertionError: expected [200] but found [404]
at com.w2a.APITestingFramework.testcases.DeleteCustomerTest2.validateDeleteCustomerAPI(DeleteCustomerTest2.java:35)
at java.base/java.util.concurrent.FutureTask.run(FutureTask.java:264)
at java.base/java.util.concurrent.Executors$RunnableAdapter.call(Executors.java:515)
at java.base/java.util.concurrent.FutureTask.run(FutureTask.java:264)
at java.base/java.util.concurrent.ThreadPoolExecutor.runWorker(ThreadPoolExecutor.java:1130)
at java.base/java.util.concurrent.ThreadPoolExecutor$Worker.run(ThreadPoolExecutor.java:630)
at java.base/java.lang.Thread.run(Thread.java:832)
... Removed 15 stack frames]]>
    </failure>
  </testcase> <!-- validateDeleteCustomerAPI -->
  <testcase classname="com.w2a.APITestingFramework.testcases.DeleteCustomerTest2" name="validateDeleteCustomerAPI" time="0.931">
    <failure type="java.lang.AssertionError" message="expected [200] but found [404]">
      <![CDATA[java.lang.AssertionError: expected [200] but found [404]
at com.w2a.APITestingFramework.testcases.DeleteCustomerTest2.validateDeleteCustomerAPI(DeleteCustomerTest2.java:35)
at java.base/java.util.concurrent.FutureTask.run(FutureTask.java:264)
at java.base/java.util.concurrent.Executors$RunnableAdapter.call(Executors.java:515)
at java.base/java.util.concurrent.FutureTask.run(FutureTask.java:264)
at java.base/java.util.concurrent.ThreadPoolExecutor.runWorker(ThreadPoolExecutor.java:1130)
at java.base/java.util.concurrent.ThreadPoolExecutor$Worker.run(ThreadPoolExecutor.java:630)
at java.base/java.lang.Thread.run(Thread.java:832)
... Removed 15 stack frames]]>
    </failure>
  </testcase> <!-- validateDeleteCustomerAPI -->
</testsuite> <!-- Delete Customer API Test -->
