<?xml version="1.0" encoding="UTF-8"?>
<testsuite xmlns:xsi="http://www.w3.org/2001/XMLSchema-instance" xsi:noNamespaceSchemaLocation="https://maven.apache.org/surefire/maven-surefire-plugin/xsd/surefire-test-report.xsd" name="TestSuite" time="7.482" tests="5" errors="0" skipped="0" failures="3">
  <properties>
[...]
</properties>
  <testcase name="validateCreateCustomerAPIWithInValidSecretKey" classname="com.w2a.APITestingFramework.testcases.CreateCustomerTest" time="2.538">
    <failure message="expected [200] but found [401]" type="java.lang.AssertionError">java.lang.AssertionError: expected [200] but found [401]
	at com.w2a.APITestingFramework.testcases.CreateCustomerTest.validateCreateCustomerAPIWithInValidSecretKey(CreateCustomerTest.java:41)
</failure>
    <system-out><![CDATA[Total rows are : 13
Test name is : validateCreateCustomerAPIWithInValidSecretKey
Test case starts from row num: 6
Total rows of data are : 1
Total cols are : 3
{
    "error": {
        "message": "Invalid API Key provided: ssk_test************************************************************************************************M3F2",
        "type": "invalid_request_error"
    }
}
401
]]></system-out>
  </testcase>
  <testcase name="validateCreateCustomerAPIWithValidSecretKey" classname="com.w2a.APITestingFramework.testcases.CreateCustomerTest" time="0.816"/>
  <testcase name="validateCreateCustomerAPIWithValidSecretKey" classname="com.w2a.APITestingFramework.testcases.CreateCustomerTest" time="0.906"/>
  <testcase name="validateDeleteCustomerAPI" classname="com.w2a.APITestingFramework.testcases.DeleteCustomerTest2" time="0.796">
    <failure message="expected [200] but found [404]" type="java.lang.AssertionError">java.lang.AssertionError: expected [200] but found [404]
	at com.w2a.APITestingFramework.testcases.DeleteCustomerTest2.validateDeleteCustomerAPI(DeleteCustomerTest2.java:35)
</failure>
    <system-out><![CDATA[Total rows are : 13
Test name is : validateDeleteCustomerAPI
Test case starts from row num: 10
Total rows of data are : 2
Total cols are : 1
{
    "error": {
        "code": "resource_missing",
        "doc_url": "https://stripe.com/docs/error-codes/resource-missing",
        "message": "No such customer: 'cus_Ih4nqWuWxyGD95'",
        "param": "id",
        "type": "invalid_request_error"
    }
}
404
]]></system-out>
  </testcase>
  <testcase name="validateDeleteCustomerAPI" classname="com.w2a.APITestingFramework.testcases.DeleteCustomerTest2" time="1.558">
    <failure message="expected [200] but found [404]" type="java.lang.AssertionError">java.lang.AssertionError: expected [200] but found [404]
	at com.w2a.APITestingFramework.testcases.DeleteCustomerTest2.validateDeleteCustomerAPI(DeleteCustomerTest2.java:35)
</failure>
    <system-out><![CDATA[{
    "error": {
        "code": "resource_missing",
        "doc_url": "https://stripe.com/docs/error-codes/resource-missing",
        "message": "No such customer: 'cus_JUcwzQCosxT91x'",
        "param": "id",
        "type": "invalid_request_error"
    }
}
404
]]></system-out>
  </testcase>
</testsuite>